<?xml version="1.0" encoding="UTF-8"?>
<!-- Generated by org.testng.reporters.JUnitReportReporter -->
<testsuite hostname="Gauravk-PC" failures="0" tests="2" name="testCases.navigateChapter24" time="3218.312" errors="0" timestamp="2022-02-10T10:36:43 IST" skipped="0">
  <testcase classname="testCases.navigateChapter24" name="doLogin" time="7.031"/>
  <system-out/>
  <testcase classname="testCases.navigateChapter24" name="navNextPage2" time="3211.281"/>
  <system-out>
    <![CDATA[Loop has been started !!!
Loop has been started !!!
Loop has been started !!!
Loop has been started !!!
Loop has been started !!!
Loop has been started !!!
Loop has been started !!!
Loop has been started !!!
Loop has been started !!!
Loop has been started !!!
Loop has been started !!!
Loop has been started !!!
Loop has been started !!!
Loop has been started !!!
Loop has been started !!!
Loop has been started !!!
Loop has been started !!!]]>
  </system-out>
</testsuite> <!-- testCases.navigateChapter24 -->
