<?xml version="1.0" encoding="UTF-8"?>
<!-- Generated by org.testng.reporters.JUnitReportReporter -->
<testsuite hostname="Gauravk-PC" failures="0" tests="2" name="testCases.navigateChapter32" time="662.487" errors="0" timestamp="2022-02-10T01:12:24 IST" skipped="0">
  <testcase classname="testCases.navigateChapter32" name="doLogin" time="7.247"/>
  <system-out/>
  <testcase classname="testCases.navigateChapter32" name="navNextPage2" time="655.240"/>
  <system-out>
    <![CDATA[Loop has been started !!!
Loop has been started !!!
Loop has been started !!!
Loop has been started !!!
Loop has been started !!!]]>
  </system-out>
</testsuite> <!-- testCases.navigateChapter32 -->
