<?xml version="1.0" encoding="UTF-8"?>
<!-- Generated by org.testng.reporters.JUnitReportReporter -->
<testsuite hostname="Gauravk-PC" failures="0" tests="2" name="testCases.navigateChapter33" time="436.434" errors="0" timestamp="2022-02-10T01:12:25 IST" skipped="0">
  <testcase classname="testCases.navigateChapter33" name="doLogin" time="8.514"/>
  <system-out/>
  <testcase classname="testCases.navigateChapter33" name="navNextPage2" time="427.920"/>
  <system-out>
    <![CDATA[Loop has been started !!!
Loop has been started !!!
Loop has been started !!!]]>
  </system-out>
</testsuite> <!-- testCases.navigateChapter33 -->
