<?xml version="1.0" encoding="UTF-8"?>
<!-- Generated by org.testng.reporters.JUnitReportReporter -->
<testsuite hostname="Gauravk-PC" failures="0" tests="1" name="testCases.octf" time="365.088" errors="0" timestamp="25 Oct 2021 03:35:36 GMT" skipped="0">
  <testcase classname="testCases.octf" name="doLogin" time="365.088"/>
</testsuite> <!-- testCases.octf -->
