<?xml version="1.0" encoding="UTF-8"?>
<!-- Generated by org.testng.reporters.JUnitReportReporter -->
<testsuite hostname="Gauravk-PC" failures="0" tests="2" name="testCases.navigateChapter21" time="419.269" errors="0" timestamp="2022-02-10T19:28:18 IST" skipped="0">
  <testcase classname="testCases.navigateChapter21" name="doLogin" time="9.234"/>
  <system-out/>
  <testcase classname="testCases.navigateChapter21" name="navNextPage2" time="410.035"/>
  <system-out>
    <![CDATA[Loop has been started !!!
Loop has been started !!!]]>
  </system-out>
</testsuite> <!-- testCases.navigateChapter21 -->
