<?xml version="1.0" encoding="UTF-8"?>
<!-- Generated by org.testng.reporters.JUnitReportReporter -->
<testsuite hostname="Gauravk-PC" failures="0" tests="1" name="sampleLearning.oldgridTest" time="26.611" errors="1" timestamp="2022-05-11T19:00:46 IST" skipped="0">
  <testcase classname="sampleLearning.oldgridTest" name="login" time="26.611">
    <error message="Could not start a new session. Error while creating session with the driver service. Stopping driver service: Could not start a new session. Response code 500. Message: Process unexpectedly closed with status 1
Build info: version: &#039;4.1.4&#039;, revision: &#039;535d840ee2&#039;
System info: host: &#039;doe-VirtualBox&#039;, ip: &#039;127.0.1.1&#039;, os.name: &#039;Linux&#039;, os.arch: &#039;amd64&#039;, os.version: &#039;5.15.0-27-generic&#039;, java.version: &#039;11.0.15&#039;
Driver info: driver.version: unknown
Build info: version: &#039;4.1.4&#039;, revision: &#039;535d840ee2&#039;
System info: host: &#039;doe-VirtualBox&#039;, ip: &#039;127.0.1.1&#039;, os.name: &#039;Linux&#039;, os.arch: &#039;amd64&#039;, os.version: &#039;5.15.0-27-generic&#039;, java.version: &#039;11.0.15&#039;
Driver info: driver.version: unknown
Build info: version: &#039;3.141.59&#039;, revision: &#039;e82be7d358&#039;, time: &#039;2018-11-14T08:25:53&#039;
System info: host: &#039;GAURAVK-PC&#039;, ip: &#039;192.168.56.1&#039;, os.name: &#039;Windows 10&#039;, os.arch: &#039;amd64&#039;, os.version: &#039;10.0&#039;, java.version: &#039;17.0.2&#039;
Driver info: driver.version: RemoteWebDriver
remote stacktrace: [{fileName=DriverServiceSessionFactory.java, moduleVersion=null, moduleName=null, nativeMethod=false, methodName=apply, className=org.openqa.selenium.grid.node.config.DriverServiceSessionFactory, lineNumber=194, classLoaderName=app}, {fileName=DriverServiceSessionFactory.java, moduleVersion=null, moduleName=null, nativeMethod=false, methodName=apply, className=org.openqa.selenium.grid.node.config.DriverServiceSessionFactory, lineNumber=67, classLoaderName=app}, {fileName=SessionSlot.java, moduleVersion=null, moduleName=null, nativeMethod=false, methodName=apply, className=org.openqa.selenium.grid.node.local.SessionSlot, lineNumber=145, classLoaderName=app}, {fileName=LocalNode.java, moduleVersion=null, moduleName=null, nativeMethod=false, methodName=newSession, className=org.openqa.selenium.grid.node.local.LocalNode, lineNumber=349, classLoaderName=app}, {fileName=LocalDistributor.java, moduleVersion=null, moduleName=null, nativeMethod=false, methodName=startSession, className=org.openqa.selenium.grid.distributor.local.LocalDistributor, lineNumber=609, classLoaderName=app}, {fileName=LocalDistributor.java, moduleVersion=null, moduleName=null, nativeMethod=false, methodName=newSession, className=org.openqa.selenium.grid.distributor.local.LocalDistributor, lineNumber=535, classLoaderName=app}, {fileName=LocalDistributor.java, moduleVersion=null, moduleName=null, nativeMethod=false, methodName=handleNewSessionRequest, className=org.openqa.selenium.grid.distributor.local.LocalDistributor$NewSessionRunnable, lineNumber=746, classLoaderName=app}, {fileName=LocalDistributor.java, moduleVersion=null, moduleName=null, nativeMethod=false, methodName=lambda$run$1, className=org.openqa.selenium.grid.distributor.local.LocalDistributor$NewSessionRunnable, lineNumber=707, classLoaderName=app}, {fileName=ThreadPoolExecutor.java, moduleVersion=11.0.15, moduleName=java.base, nativeMethod=false, methodName=runWorker, className=java.util.concurrent.ThreadPoolExecutor, lineNumber=1128, classLoaderName=null}, {fileName=ThreadPoolExecutor.java, moduleVersion=11.0.15, moduleName=java.base, nativeMethod=false, methodName=run, className=java.util.concurrent.ThreadPoolExecutor$Worker, lineNumber=628, classLoaderName=null}, {fileName=Thread.java, moduleVersion=11.0.15, moduleName=java.base, nativeMethod=false, methodName=run, className=java.lang.Thread, lineNumber=829, classLoaderName=null}]" type="org.openqa.selenium.SessionNotCreatedException">
      <![CDATA[org.openqa.selenium.SessionNotCreatedException: Could not start a new session. Error while creating session with the driver service. Stopping driver service: Could not start a new session. Response code 500. Message: Process unexpectedly closed with status 1
Build info: version: '4.1.4', revision: '535d840ee2'
System info: host: 'doe-VirtualBox', ip: '127.0.1.1', os.name: 'Linux', os.arch: 'amd64', os.version: '5.15.0-27-generic', java.version: '11.0.15'
Driver info: driver.version: unknown
Build info: version: '4.1.4', revision: '535d840ee2'
System info: host: 'doe-VirtualBox', ip: '127.0.1.1', os.name: 'Linux', os.arch: 'amd64', os.version: '5.15.0-27-generic', java.version: '11.0.15'
Driver info: driver.version: unknown
Build info: version: '3.141.59', revision: 'e82be7d358', time: '2018-11-14T08:25:53'
System info: host: 'GAURAVK-PC', ip: '192.168.56.1', os.name: 'Windows 10', os.arch: 'amd64', os.version: '10.0', java.version: '17.0.2'
Driver info: driver.version: RemoteWebDriver
remote stacktrace: [{fileName=DriverServiceSessionFactory.java, moduleVersion=null, moduleName=null, nativeMethod=false, methodName=apply, className=org.openqa.selenium.grid.node.config.DriverServiceSessionFactory, lineNumber=194, classLoaderName=app}, {fileName=DriverServiceSessionFactory.java, moduleVersion=null, moduleName=null, nativeMethod=false, methodName=apply, className=org.openqa.selenium.grid.node.config.DriverServiceSessionFactory, lineNumber=67, classLoaderName=app}, {fileName=SessionSlot.java, moduleVersion=null, moduleName=null, nativeMethod=false, methodName=apply, className=org.openqa.selenium.grid.node.local.SessionSlot, lineNumber=145, classLoaderName=app}, {fileName=LocalNode.java, moduleVersion=null, moduleName=null, nativeMethod=false, methodName=newSession, className=org.openqa.selenium.grid.node.local.LocalNode, lineNumber=349, classLoaderName=app}, {fileName=LocalDistributor.java, moduleVersion=null, moduleName=null, nativeMethod=false, methodName=startSession, className=org.openqa.selenium.grid.distributor.local.LocalDistributor, lineNumber=609, classLoaderName=app}, {fileName=LocalDistributor.java, moduleVersion=null, moduleName=null, nativeMethod=false, methodName=newSession, className=org.openqa.selenium.grid.distributor.local.LocalDistributor, lineNumber=535, classLoaderName=app}, {fileName=LocalDistributor.java, moduleVersion=null, moduleName=null, nativeMethod=false, methodName=handleNewSessionRequest, className=org.openqa.selenium.grid.distributor.local.LocalDistributor$NewSessionRunnable, lineNumber=746, classLoaderName=app}, {fileName=LocalDistributor.java, moduleVersion=null, moduleName=null, nativeMethod=false, methodName=lambda$run$1, className=org.openqa.selenium.grid.distributor.local.LocalDistributor$NewSessionRunnable, lineNumber=707, classLoaderName=app}, {fileName=ThreadPoolExecutor.java, moduleVersion=11.0.15, moduleName=java.base, nativeMethod=false, methodName=runWorker, className=java.util.concurrent.ThreadPoolExecutor, lineNumber=1128, classLoaderName=null}, {fileName=ThreadPoolExecutor.java, moduleVersion=11.0.15, moduleName=java.base, nativeMethod=false, methodName=run, className=java.util.concurrent.ThreadPoolExecutor$Worker, lineNumber=628, classLoaderName=null}, {fileName=Thread.java, moduleVersion=11.0.15, moduleName=java.base, nativeMethod=false, methodName=run, className=java.lang.Thread, lineNumber=829, classLoaderName=null}]
at java.base/jdk.internal.reflect.NativeConstructorAccessorImpl.newInstance0(Native Method)
at java.base/jdk.internal.reflect.NativeConstructorAccessorImpl.newInstance(NativeConstructorAccessorImpl.java:77)
at java.base/jdk.internal.reflect.DelegatingConstructorAccessorImpl.newInstance(DelegatingConstructorAccessorImpl.java:45)
at java.base/java.lang.reflect.Constructor.newInstanceWithCaller(Constructor.java:499)
at java.base/java.lang.reflect.Constructor.newInstance(Constructor.java:480)
at org.openqa.selenium.remote.W3CHandshakeResponse.lambda$errorHandler$0(W3CHandshakeResponse.java:62)
at org.openqa.selenium.remote.HandshakeResponse.lambda$getResponseFunction$0(HandshakeResponse.java:30)
at org.openqa.selenium.remote.ProtocolHandshake.lambda$createSession$0(ProtocolHandshake.java:126)
at java.base/java.util.stream.ReferencePipeline$3$1.accept(ReferencePipeline.java:197)
at java.base/java.util.Spliterators$ArraySpliterator.tryAdvance(Spliterators.java:1002)
at java.base/java.util.stream.ReferencePipeline.forEachWithCancel(ReferencePipeline.java:129)
at java.base/java.util.stream.AbstractPipeline.copyIntoWithCancel(AbstractPipeline.java:527)
at java.base/java.util.stream.AbstractPipeline.copyInto(AbstractPipeline.java:513)
at java.base/java.util.stream.AbstractPipeline.wrapAndCopyInto(AbstractPipeline.java:499)
at java.base/java.util.stream.FindOps$FindOp.evaluateSequential(FindOps.java:150)
at java.base/java.util.stream.AbstractPipeline.evaluate(AbstractPipeline.java:234)
at java.base/java.util.stream.ReferencePipeline.findFirst(ReferencePipeline.java:647)
at org.openqa.selenium.remote.ProtocolHandshake.createSession(ProtocolHandshake.java:128)
at org.openqa.selenium.remote.ProtocolHandshake.createSession(ProtocolHandshake.java:74)
at org.openqa.selenium.remote.HttpCommandExecutor.execute(HttpCommandExecutor.java:136)
at org.openqa.selenium.remote.RemoteWebDriver.execute(RemoteWebDriver.java:552)
at org.openqa.selenium.remote.RemoteWebDriver.startSession(RemoteWebDriver.java:213)
at org.openqa.selenium.remote.RemoteWebDriver.<init>(RemoteWebDriver.java:131)
at org.openqa.selenium.remote.RemoteWebDriver.<init>(RemoteWebDriver.java:144)
at sampleLearning.oldgridTest.login(oldgridTest.java:33)
at java.base/jdk.internal.reflect.NativeMethodAccessorImpl.invoke0(Native Method)
at java.base/jdk.internal.reflect.NativeMethodAccessorImpl.invoke(NativeMethodAccessorImpl.java:77)
at java.base/jdk.internal.reflect.DelegatingMethodAccessorImpl.invoke(DelegatingMethodAccessorImpl.java:43)
at java.base/java.lang.reflect.Method.invoke(Method.java:568)
at org.testng.internal.MethodInvocationHelper.invokeMethod(MethodInvocationHelper.java:133)
at org.testng.internal.TestInvoker.invokeMethod(TestInvoker.java:598)
at org.testng.internal.TestInvoker.invokeTestMethod(TestInvoker.java:173)
at org.testng.internal.MethodRunner.runInSequence(MethodRunner.java:46)
at org.testng.internal.TestInvoker$MethodInvocationAgent.invoke(TestInvoker.java:824)
at org.testng.internal.TestInvoker.invokeTestMethods(TestInvoker.java:146)
at org.testng.internal.TestMethodWorker.invokeTestMethods(TestMethodWorker.java:146)
at org.testng.internal.TestMethodWorker.run(TestMethodWorker.java:128)
at java.base/java.util.ArrayList.forEach(ArrayList.java:1511)
at org.testng.TestRunner.privateRun(TestRunner.java:794)
at org.testng.TestRunner.run(TestRunner.java:596)
at org.testng.SuiteRunner.runTest(SuiteRunner.java:377)
at org.testng.SuiteRunner.runSequentially(SuiteRunner.java:371)
at org.testng.SuiteRunner.privateRun(SuiteRunner.java:332)
at org.testng.SuiteRunner.run(SuiteRunner.java:276)
at org.testng.SuiteRunnerWorker.runSuite(SuiteRunnerWorker.java:53)
at org.testng.SuiteRunnerWorker.run(SuiteRunnerWorker.java:96)
at org.testng.TestNG.runSuitesSequentially(TestNG.java:1212)
at org.testng.TestNG.runSuitesLocally(TestNG.java:1134)
at org.testng.TestNG.runSuites(TestNG.java:1063)
at org.testng.TestNG.run(TestNG.java:1031)
at org.testng.remote.AbstractRemoteTestNG.run(AbstractRemoteTestNG.java:115)
at org.testng.remote.RemoteTestNG.initAndRun(RemoteTestNG.java:251)
at org.testng.remote.RemoteTestNG.main(RemoteTestNG.java:77)
]]>
    </error>
  </testcase> <!-- login -->
  <system-out/>
</testsuite> <!-- sampleLearning.oldgridTest -->
