<?xml version="1.0" encoding="UTF-8"?>
<!-- Generated by org.testng.reporters.JUnitReportReporter -->
<testsuite hostname="Gauravk" failures="0" tests="2" name="sampleLearning.TestNgTestCase" time="0.037" errors="0" timestamp="2022-04-22T09:52:30 IST" skipped="0">
  <testcase classname="sampleLearning.TestNgTestCase" name="doReg" time="0.014"/>
  <system-out/>
  <testcase classname="sampleLearning.TestNgTestCase" name="doLogin" time="0.023"/>
  <system-out/>
</testsuite> <!-- sampleLearning.TestNgTestCase -->
