<?xml version="1.0" encoding="UTF-8"?>
<!-- Generated by org.testng.reporters.JUnitReportReporter -->
<testsuite hostname="Gauravk-PC" failures="0" tests="2" name="testCases.navigateChapter" time="88.774" errors="0" timestamp="2022-01-13T11:05:06 IST" skipped="0">
  <testcase classname="testCases.navigateChapter" name="doLogin" time="10.343"/>
  <system-out/>
  <testcase classname="testCases.navigateChapter" name="navNextPage" time="78.431"/>
  <system-out/>
</testsuite> <!-- testCases.navigateChapter -->
